<?xml version="1.0" encoding="UTF-8"?>
<coverage generated="1532827742884" clover="3.2.0">
  <project timestamp="1532827742884" name="All files">
    <metrics statements="11" coveredstatements="0" conditionals="2" coveredconditionals="0" methods="2" coveredmethods="0" elements="15" coveredelements="0" complexity="0" loc="11" ncloc="11" packages="2" files="3" classes="3">
      <package name="components">
        <metrics statements="1" coveredstatements="0" conditionals="0" coveredconditionals="0" methods="1" coveredmethods="0"/>
        <file name="HelloWorld.vue" path="/home/cilan/projects/expand-app/src/components/HelloWorld.vue">
          <metrics statements="1" coveredstatements="0" conditionals="0" coveredconditionals="0" methods="1" coveredmethods="0"/>
          <line num="90" count="0" type="stmt"/>
        </file>
      </package>
      <package name="js">
        <metrics statements="10" coveredstatements="0" conditionals="2" coveredconditionals="0" methods="1" coveredmethods="0"/>
        <file name="article-data.js" path="/home/cilan/projects/expand-app/src/js/article-data.js">
          <metrics statements="1" coveredstatements="0" conditionals="0" coveredconditionals="0" methods="0" coveredmethods="0"/>
          <line num="1" count="0" type="stmt"/>
        </file>
        <file name="index.js" path="/home/cilan/projects/expand-app/src/js/index.js">
          <metrics statements="9" coveredstatements="0" conditionals="2" coveredconditionals="0" methods="1" coveredmethods="0"/>
          <line num="3" count="0" type="stmt"/>
          <line num="7" count="0" type="cond" truecount="0" falsecount="2"/>
          <line num="8" count="0" type="stmt"/>
          <line num="9" count="0" type="stmt"/>
          <line num="11" count="0" type="stmt"/>
          <line num="15" count="0" type="stmt"/>
          <line num="16" count="0" type="stmt"/>
          <line num="22" count="0" type="stmt"/>
          <line num="23" count="0" type="stmt"/>
        </file>
      </package>
    </metrics>
  </project>
</coverage>
