{"/home/cilan/projects/expand-app/src/components/HelloWorld.vue": {"path":"/home/cilan/projects/expand-app/src/components/HelloWorld.vue","statementMap":{"0":{"start":{"line":90,"column":0},"end":{"line":null,"column":-1}}},"fnMap":{"0":{"name":"data","decl":{"start":{"line":89,"column":0},"end":{"line":null,"column":-1}},"loc":{"start":{"line":89,"column":0},"end":{"line":93,"column":0}}}},"branchMap":{},"s":{"0":0},"f":{"0":0},"b":{}}
,"/home/cilan/projects/expand-app/src/js/article-data.js": {"path":"/home/cilan/projects/expand-app/src/js/article-data.js","statementMap":{"0":{"start":{"line":1,"column":16},"end":{"line":1,"column":0}}},"fnMap":{},"branchMap":{},"s":{"0":0},"f":{},"b":{}}
,"/home/cilan/projects/expand-app/src/js/index.js": {"path":"/home/cilan/projects/expand-app/src/js/index.js","statementMap":{"0":{"start":{"line":3,"column":10},"end":{"line":3,"column":0}},"1":{"start":{"line":7,"column":0},"end":{"line":12,"column":1}},"2":{"start":{"line":8,"column":4},"end":{"line":null,"column":-1}},"3":{"start":{"line":9,"column":4},"end":{"line":null,"column":-1}},"4":{"start":{"line":11,"column":4},"end":{"line":null,"column":-1}},"5":{"start":{"line":15,"column":28},"end":{"line":15,"column":4}},"6":{"start":{"line":16,"column":24},"end":{"line":16,"column":4}},"7":{"start":{"line":22,"column":21},"end":{"line":22,"column":4}},"8":{"start":{"line":23,"column":20},"end":{"line":23,"column":4}}},"fnMap":{"0":{"name":"deployContract","decl":{"start":{"line":14,"column":9},"end":{"line":14,"column":0}},"loc":{"start":{"line":14,"column":37},"end":{"line":31,"column":1}}}},"branchMap":{"0":{"loc":{"start":{"line":7,"column":0},"end":{"line":12,"column":1}},"type":"if","locations":[{"start":{"line":7,"column":0},"end":{"line":12,"column":1}},{"start":{"line":7,"column":0},"end":{"line":12,"column":1}}]}},"s":{"0":0,"1":0,"2":0,"3":0,"4":0,"5":0,"6":0,"7":0,"8":0},"f":{"0":0},"b":{"0":[0,0]}}
}
