TN:
SF:/home/cilan/projects/expand-app/src/components/HelloWorld.vue
FN:89,data
FNF:1
FNH:0
FNDA:0,data
DA:90,0
LF:1
LH:0
BRF:0
BRH:0
end_of_record
TN:
SF:/home/cilan/projects/expand-app/src/js/article-data.js
FNF:0
FNH:0
DA:1,0
LF:1
LH:0
BRF:0
BRH:0
end_of_record
TN:
SF:/home/cilan/projects/expand-app/src/js/index.js
FN:14,deployContract
FNF:1
FNH:0
FNDA:0,deployContract
DA:3,0
DA:7,0
DA:8,0
DA:9,0
DA:11,0
DA:15,0
DA:16,0
DA:22,0
DA:23,0
LF:9
LH:0
BRDA:7,0,0,0
BRDA:7,0,1,0
BRF:2
BRH:0
end_of_record
